-------------------------------------------------------------------------------
Test set: AppiumPackage002GroupId.AppiumTest
-------------------------------------------------------------------------------
Tests run: 1, Failures: 1, Errors: 0, Skipped: 0, Time elapsed: 155.147 s <<< FAILURE! - in AppiumPackage002GroupId.AppiumTest
testSearchAppium(AppiumPackage002GroupId.AppiumTest)  Time elapsed: 112.454 s  <<< FAILURE!
java.lang.NullPointerException
	at AppiumPackage002GroupId.AppiumTest.testSearchAppium(AppiumTest.java:171)

